Building DAG of jobs...
Using shell: /usr/bin/bash
Provided cores: 16
Rules claiming more threads will be scaled down.
Job stats:
job           count    min threads    max threads
----------  -------  -------------  -------------
all               1              1              1
statistics        1              1              1
total             2              1              1

Select jobs to execute...

[Sat Jul  2 13:33:24 2022]
Job 4: Starting with calculating statistics

[Sat Jul  2 13:34:35 2022]
Error in rule statistics:
    jobid: 4
    output: checks/stat.done
    shell:
        Rscript workflow/R/statistics.R data/map3 data/map4
        (one of the commands exited with non-zero exit code; note that snakemake uses bash strict mode!)

Shutting down, this might take some time.
Exiting because a job execution failed. Look above for error message
Complete log: /homes/lrmeulenkamp/thema12/.snakemake/log/2022-07-02T133324.289439.snakemake.log
