Building DAG of jobs...
Using shell: /usr/bin/bash
Provided cores: 16
Rules claiming more threads will be scaled down.
Job stats:
job                  count    min threads    max threads
-----------------  -------  -------------  -------------
all                      1              1              1
download_packages        1              1              1
total                    2              1              1

Select jobs to execute...

[Mon Jun 27 11:16:35 2022]
Job 2: Starting with downloading packages

Touching output file dowloand.done.
[Mon Jun 27 11:16:37 2022]
Finished job 2.
1 of 2 steps (50%) done
Select jobs to execute...

[Mon Jun 27 11:16:37 2022]
localrule all:
    input: convert.done, dowloand.done
    jobid: 0
    resources: tmpdir=/tmp

[Mon Jun 27 11:16:37 2022]
Finished job 0.
2 of 2 steps (100%) done
Complete log: /homes/lrmeulenkamp/thema12/.snakemake/log/2022-06-27T111635.557475.snakemake.log
