Building DAG of jobs...
MissingInputException in line 12 of /homes/lrmeulenkamp/thema12/workflow/snakefile:
Missing input files for rule scanner:
data/map3/B10_AfterIncubation_d1000_S2,4.fcs.csv
data/map2/A06_AfterIncubation_d1000_S1,4.fcs.csv
data/map4/B10_AfterIncubation_d1000_S2,4.fcs.csv
data/map4/A02_Carl_d10x_S01.fcs.csv
data/map2/A02_Uncolored_FreshPHBV_d100x_S01.fcs.csv
data/map4/B01_AfterIncubation_d1000_S2,4.fcs.csv
data/map1/B01_AfterIncubation_d1000_S2,4.fcs.csv
data/map3/A06_AfterIncubation_d1000_S1,4.fcs.csv
data/map3/B01_AfterIncubation_d1000_S2,4.fcs.csv
data/map3/A02_Carl_d10x_S01.fcs.csv
data/map1/A09_AfterIncubation_d1000_S1,4.fcs.csv
data/map2/B10_AfterIncubation_d1000_S2,4.fcs.csv
data/map2/B01_Uncolored_PHBV_Before_freeze_thaw_Dilution10x_Sample02.fcs.csv
data/map1/B01_Uncolored_PHBV_Before_freeze_thaw_Dilution10x_Sample02.fcs.csv
data/map4/B01_Uncolored_PHBV_Before_freeze_thaw_Dilution10x_Sample02.fcs.csv
data/map4/A09_AfterIncubation_d1000_S1,4.fcs.csv
data/map3/A02_Uncolored_FreshPHBV_d100x_S01.fcs.csv
data/map1/A02_Carl_d10x_S01.fcs.csv
data/map1/A06_AfterIncubation_d1000_S1,4.fcs.csv
data/map2/A09_AfterIncubation_d1000_S1,4.fcs.csv
data/map1/A02_Uncolored_FreshPHBV_d100x_S01.fcs.csv
