Building DAG of jobs...
Using shell: /usr/bin/bash
Provided cores: 16
Rules claiming more threads will be scaled down.
Job stats:
job                  count    min threads    max threads
-----------------  -------  -------------  -------------
DBscanner                1              1              1
all                      1              1              1
convert_to_csv           1              1              1
download_packages        1              1              1
total                    4              1              1

Select jobs to execute...

[Fri Jul  1 16:49:31 2022]
Job 3: Starting with executing HDBscan algorithm 


[Fri Jul  1 16:49:31 2022]
Job 1: Starting with downloading packages


[Fri Jul  1 16:49:31 2022]
Job 2: Started with converting FCS file to CSV file

Touching output file checks/HDBscanner.done.
[Fri Jul  1 16:49:31 2022]
Finished job 3.
1 of 4 steps (25%) done
Touching output file checks/download.done.
[Fri Jul  1 16:49:33 2022]
Finished job 1.
2 of 4 steps (50%) done
Touching output file checks/convert.done.
[Fri Jul  1 16:50:15 2022]
Finished job 2.
3 of 4 steps (75%) done
Select jobs to execute...

[Fri Jul  1 16:50:15 2022]
localrule all:
    input: checks/download.done, checks/convert.done, checks/HDBscanner.done
    jobid: 0
    resources: tmpdir=/tmp

[Fri Jul  1 16:50:15 2022]
Finished job 0.
4 of 4 steps (100%) done
Complete log: /homes/lrmeulenkamp/thema12/.snakemake/log/2022-07-01T164930.757689.snakemake.log
