Building DAG of jobs...
Using shell: /usr/bin/bash
Provided cores: 16
Rules claiming more threads will be scaled down.
Job stats:
job                  count    min threads    max threads
-----------------  -------  -------------  -------------
all                      1              1              1
convert_to_csv           1              1              1
download_packages        1              1              1
total                    3              1              1

Select jobs to execute...

[Fri Jul  1 13:02:08 2022]
Job 1: Starting with downloading packages


[Fri Jul  1 13:02:08 2022]
Job 2: Started with converting FCS file to CSV file

Touching output file checks/download.done.
[Fri Jul  1 13:02:10 2022]
Finished job 1.
1 of 3 steps (33%) done
Touching output file checks/convert.done.
[Fri Jul  1 13:02:50 2022]
Finished job 2.
2 of 3 steps (67%) done
Select jobs to execute...

[Fri Jul  1 13:02:50 2022]
localrule all:
    input: checks/download.done, checks/convert.done
    jobid: 0
    resources: tmpdir=/tmp

[Fri Jul  1 13:02:50 2022]
Finished job 0.
3 of 3 steps (100%) done
Complete log: /homes/lrmeulenkamp/thema12/.snakemake/log/2022-07-01T130208.092956.snakemake.log
