Building DAG of jobs...
Using shell: /usr/bin/bash
Provided cores: 16
Rules claiming more threads will be scaled down.
Job stats:
job                  count    min threads    max threads
-----------------  -------  -------------  -------------
HDBscanner               1              1              1
all                      1              1              1
convert_to_csv           1              1              1
download_packages        1              1              1
statistics               1              1              1
total                    5              1              1

Select jobs to execute...

[Sat Jul  2 14:11:35 2022]
Job 2: Started with converting FCS file to CSV file


[Sat Jul  2 14:11:35 2022]
Job 1: Starting with downloading packages

Touching output file checks/download.done.
[Sat Jul  2 14:11:37 2022]
Finished job 1.
1 of 5 steps (20%) done
Touching output file checks/convert.done.
[Sat Jul  2 14:12:34 2022]
Finished job 2.
2 of 5 steps (40%) done
Select jobs to execute...

[Sat Jul  2 14:12:34 2022]
Job 3: Starting with executing HDBscan algorithm

Touching output file checks/scan.done.
[Sat Jul  2 14:14:22 2022]
Finished job 3.
3 of 5 steps (60%) done
Select jobs to execute...

[Sat Jul  2 14:14:22 2022]
Job 4: Starting with calculating statistics

Touching output file checks/stat.done.
[Sat Jul  2 14:16:32 2022]
Finished job 4.
4 of 5 steps (80%) done
Select jobs to execute...

[Sat Jul  2 14:16:32 2022]
localrule all:
    input: checks/download.done, checks/convert.done, checks/scan.done, checks/stat.done
    jobid: 0
    resources: tmpdir=/tmp

[Sat Jul  2 14:16:32 2022]
Finished job 0.
5 of 5 steps (100%) done
Complete log: /homes/lrmeulenkamp/thema12/.snakemake/log/2022-07-02T141134.993257.snakemake.log
