Building DAG of jobs...
Using shell: /usr/bin/bash
Provided cores: 12
Rules claiming more threads will be scaled down.
Job stats:
job       count    min threads    max threads
------  -------  -------------  -------------
all           1              1              1
visual        1             12             12
total         2              1             12

Select jobs to execute...

[Tue Jun 14 15:50:19 2022]
Job 1: Started with executing HDBscanner...

[Tue Jun 14 15:50:19 2022]
Error in rule visual:
    jobid: 1
    output: scan.done

RuleException:
WorkflowError in line 22 of /homes/lrmeulenkamp/thema12/workflow/snakefile:
Failed to open source file /homes/lrmeulenkamp/thema12/workflow/workflow/R/Hdbscan.R
FileNotFoundError: [Errno 2] No such file or directory: '/homes/lrmeulenkamp/thema12/workflow/workflow/R/Hdbscan.R'
  File "/homes/lrmeulenkamp/thema12/workflow/snakefile", line 22, in __rule_visual
  File "/usr/lib/python3.9/concurrent/futures/thread.py", line 52, in run
Shutting down, this might take some time.
Exiting because a job execution failed. Look above for error message
Complete log: /homes/lrmeulenkamp/thema12/.snakemake/log/2022-06-14T155019.547127.snakemake.log
