Building DAG of jobs...
Using shell: /usr/bin/bash
Provided cores: 12
Rules claiming more threads will be scaled down.
Job stats:
job       count    min threads    max threads
------  -------  -------------  -------------
all           1              1              1
visual        1             12             12
total         2              1             12

Select jobs to execute...

[Mon Jun 13 13:28:48 2022]
Job 1: Started with executing HDBscanner...

[Mon Jun 13 13:28:49 2022]
Finished job 1.
1 of 2 steps (50%) done
Select jobs to execute...

[Mon Jun 13 13:28:49 2022]
localrule all:
    input: images/Hdbscan_output.png
    jobid: 0
    resources: tmpdir=/tmp

[Mon Jun 13 13:28:49 2022]
Finished job 0.
2 of 2 steps (100%) done
Complete log: /homes/lrmeulenkamp/thema12/.snakemake/log/2022-06-13T132848.251040.snakemake.log
