Building DAG of jobs...
Using shell: /usr/bin/bash
Provided cores: 16
Rules claiming more threads will be scaled down.
Job stats:
job               count    min threads    max threads
--------------  -------  -------------  -------------
all                   1              1              1
convert_to_csv        1              1              1
merger                1              1              1
total                 3              1              1

Select jobs to execute...

[Wed Jun 29 15:21:38 2022]
Job 3: Starting with merging CSV files


[Wed Jun 29 15:21:38 2022]
Job 2: Started with converting FCS file to CSV file

[Wed Jun 29 15:21:39 2022]
Error in rule merger:
    jobid: 3
    output: checks/merge.done
    shell:
        Rscript workflow/R/merge.R data/map1 data/map2 data/map3 data/map4
        (one of the commands exited with non-zero exit code; note that snakemake uses bash strict mode!)

Touching output file checks/convert.done.
[Wed Jun 29 15:21:43 2022]
Finished job 2.
1 of 3 steps (33%) done
Shutting down, this might take some time.
Exiting because a job execution failed. Look above for error message
Complete log: /homes/lrmeulenkamp/thema12/.snakemake/log/2022-06-29T152138.608362.snakemake.log
