Building DAG of jobs...
Using shell: /usr/bin/bash
Provided cores: 16
Rules claiming more threads will be scaled down.
Job stats:
job           count    min threads    max threads
----------  -------  -------------  -------------
all               1              1              1
calculator        1              1              1
total             2              1              1

Select jobs to execute...

[Thu Jun 30 16:21:00 2022]
Job 1: Starting with calculating statistics...

[Thu Jun 30 16:21:00 2022]
Error in rule calculator:
    jobid: 1
    output: checks/calculator.done
    shell:
        Rscript workflow/R/statistics.R data/map3 data/map4
        (one of the commands exited with non-zero exit code; note that snakemake uses bash strict mode!)

Shutting down, this might take some time.
Exiting because a job execution failed. Look above for error message
Complete log: /homes/lrmeulenkamp/thema12/.snakemake/log/2022-06-30T162059.993583.snakemake.log
