Building DAG of jobs...
Using shell: /usr/bin/bash
Provided cores: 16
Rules claiming more threads will be scaled down.
Job stats:
job           count    min threads    max threads
----------  -------  -------------  -------------
all               1              1              1
statistics        1              1              1
total             2              1              1

Select jobs to execute...

[Sat Jul  2 13:37:49 2022]
Job 4: Starting with calculating statistics

Touching output file checks/stat.done.
[Sat Jul  2 13:39:14 2022]
Finished job 4.
1 of 2 steps (50%) done
Select jobs to execute...

[Sat Jul  2 13:39:14 2022]
localrule all:
    input: checks/download.done, checks/convert.done, checks/scan.done, checks/stat.done
    jobid: 0
    resources: tmpdir=/tmp

[Sat Jul  2 13:39:14 2022]
Finished job 0.
2 of 2 steps (100%) done
Complete log: /homes/lrmeulenkamp/thema12/.snakemake/log/2022-07-02T133749.208477.snakemake.log
