Building DAG of jobs...
Using shell: /usr/bin/bash
Provided cores: 16
Rules claiming more threads will be scaled down.
Job stats:
job                  count    min threads    max threads
-----------------  -------  -------------  -------------
DBscanner                1              1              1
all                      1              1              1
convert_to_csv           1              1              1
download_packages        1              1              1
merger                   1              1              1
total                    5              1              1

Select jobs to execute...

[Thu Jun 30 16:50:00 2022]
Job 2: Started with converting FCS file to CSV file


[Thu Jun 30 16:50:00 2022]
Job 4: Starting with executing HDBscan algorithm 


[Thu Jun 30 16:50:00 2022]
Job 1: Starting with downloading packages


[Thu Jun 30 16:50:00 2022]
Job 3: Starting with merging CSV files

[Thu Jun 30 16:50:01 2022]
Error in rule DBscanner:
    jobid: 4
    output: checks/HDBscanner.done
    shell:
        Rscript workflow/R/Hdbscan.R data/map1 data/map2 data/map3 data/map4
        (one of the commands exited with non-zero exit code; note that snakemake uses bash strict mode!)

[Thu Jun 30 16:50:02 2022]
Error in rule merger:
    jobid: 3
    output: checks/merge.done
    shell:
        Rscript workflow/R/merge.R data/map1 data/map2 data/map3 data/map4
        (one of the commands exited with non-zero exit code; note that snakemake uses bash strict mode!)

Touching output file checks/download.done.
[Thu Jun 30 16:50:03 2022]
Finished job 1.
1 of 5 steps (20%) done
Touching output file checks/convert.done.
[Thu Jun 30 16:50:09 2022]
Finished job 2.
2 of 5 steps (40%) done
Shutting down, this might take some time.
Exiting because a job execution failed. Look above for error message
Complete log: /homes/lrmeulenkamp/thema12/.snakemake/log/2022-06-30T165000.701030.snakemake.log
