Building DAG of jobs...
Using shell: /usr/bin/bash
Provided cores: 16
Rules claiming more threads will be scaled down.
Job stats:
job                  count    min threads    max threads
-----------------  -------  -------------  -------------
all                      1              1              1
convert_to_csv           1              1              1
download_packages        1              1              1
total                    3              1              1

Select jobs to execute...

[Mon Jun 27 10:38:47 2022]
Job 1: Started with converting FCS file to CSV file


[Mon Jun 27 10:38:47 2022]
Job 2: Starting with downloading packages

Touching output file convert.done.
[Mon Jun 27 10:38:49 2022]
Finished job 1.
1 of 3 steps (33%) done
[Mon Jun 27 10:38:51 2022]
Error in rule download_packages:
    jobid: 2
    output: dowloand.done
    shell:
        Rscript workflow/R/library.R
        (one of the commands exited with non-zero exit code; note that snakemake uses bash strict mode!)

Shutting down, this might take some time.
Exiting because a job execution failed. Look above for error message
Complete log: /homes/lrmeulenkamp/thema12/.snakemake/log/2022-06-27T103847.465587.snakemake.log
