Building DAG of jobs...
Using shell: /usr/bin/bash
Provided cores: 16
Rules claiming more threads will be scaled down.
Job stats:
job       count    min threads    max threads
------  -------  -------------  -------------
all           1              1              1
merger        1              1              1
total         2              1              1

Select jobs to execute...

[Wed Jun 29 15:24:56 2022]
Job 3: Starting with merging CSV files

Touching output file checks/merge.done.
[Wed Jun 29 15:25:15 2022]
Finished job 3.
1 of 2 steps (50%) done
Select jobs to execute...

[Wed Jun 29 15:25:15 2022]
localrule all:
    input: checks/download.done, checks/convert.done, checks/merge.done
    jobid: 0
    resources: tmpdir=/tmp

[Wed Jun 29 15:25:15 2022]
Finished job 0.
2 of 2 steps (100%) done
Complete log: /homes/lrmeulenkamp/thema12/.snakemake/log/2022-06-29T152456.467766.snakemake.log
