Building DAG of jobs...
Using shell: /usr/bin/bash
Provided cores: 12
Rules claiming more threads will be scaled down.
Job stats:
job       count    min threads    max threads
------  -------  -------------  -------------
all           1              1              1
visual        1             12             12
total         2              1             12

Select jobs to execute...

[Mon Jun 13 13:33:42 2022]
Job 1: Started with executing HDBscanner...

[Mon Jun 13 13:33:44 2022]
Error in rule visual:
    jobid: 1
    output: images/Hdbscan_output.png
    shell:
        Rscript workflow/R/Hdbscan.R data
        (one of the commands exited with non-zero exit code; note that snakemake uses bash strict mode!)

Shutting down, this might take some time.
Exiting because a job execution failed. Look above for error message
Complete log: /homes/lrmeulenkamp/thema12/.snakemake/log/2022-06-13T133342.613675.snakemake.log
