Building DAG of jobs...
Using shell: /usr/bin/bash
Provided cores: 16
Rules claiming more threads will be scaled down.
Job stats:
job                  count    min threads    max threads
-----------------  -------  -------------  -------------
all                      1              1              1
convert_to_csv           1              1              1
download_packages        1              1              1
total                    3              1              1

Select jobs to execute...

[Mon Jun 27 11:17:38 2022]
Job 1: Started with converting FCS file to CSV file


[Mon Jun 27 11:17:38 2022]
Job 2: Starting with downloading packages

Touching output file convert.done.
[Mon Jun 27 11:17:39 2022]
Finished job 1.
1 of 3 steps (33%) done
Touching output file dowloand.done.
[Mon Jun 27 11:17:40 2022]
Finished job 2.
2 of 3 steps (67%) done
Select jobs to execute...

[Mon Jun 27 11:17:40 2022]
localrule all:
    input: convert.done, dowloand.done
    jobid: 0
    resources: tmpdir=/tmp

[Mon Jun 27 11:17:40 2022]
Finished job 0.
3 of 3 steps (100%) done
Complete log: /homes/lrmeulenkamp/thema12/.snakemake/log/2022-06-27T111738.237465.snakemake.log
