Building DAG of jobs...
Using shell: /usr/bin/bash
Provided cores: 16
Rules claiming more threads will be scaled down.
Job stats:
job           count    min threads    max threads
----------  -------  -------------  -------------
HDBscanner        1              1              1
all               1              1              1
total             2              1              1

Select jobs to execute...

[Fri Jul  1 19:08:36 2022]
Job 3: Starting with executing HDBscan algorithm

[Fri Jul  1 19:08:37 2022]
Error in rule HDBscanner:
    jobid: 3
    output: checks/HDBscanner.done
    shell:
        Rscript workflow/R/Hdbscan.R ['data/map1', 'data/map2', 'data/map3', 'data/map4']
        (one of the commands exited with non-zero exit code; note that snakemake uses bash strict mode!)

Shutting down, this might take some time.
Exiting because a job execution failed. Look above for error message
Complete log: /homes/lrmeulenkamp/thema12/.snakemake/log/2022-07-01T190836.629611.snakemake.log
