Building DAG of jobs...
Using shell: /usr/bin/bash
Provided cores: 12
Rules claiming more threads will be scaled down.
Job stats:
job       count    min threads    max threads
------  -------  -------------  -------------
all           1              1              1
visual        1             12             12
total         2              1             12

Select jobs to execute...

[Sun Jun 12 14:24:15 2022]
Job 1: Started with executing HDBscanner...

[Sun Jun 12 14:24:15 2022]
Error in rule visual:
    jobid: 1
    output: images/A01_Uncolored_PHBV_Before_freeze_thaw_Dilution10x_Sample01.fcs.csv.png
    shell:
        Rscript workflow/R/Hdbscan.R data/A01_Uncolored_PHBV_Before_freeze_thaw_Dilution10x_Sample01.fcs.csv
        (one of the commands exited with non-zero exit code; note that snakemake uses bash strict mode!)

Shutting down, this might take some time.
Exiting because a job execution failed. Look above for error message
Complete log: /homes/lrmeulenkamp/thema12/.snakemake/log/2022-06-12T142415.516694.snakemake.log
