Building DAG of jobs...
Using shell: /usr/bin/bash
Provided cores: 16
Rules claiming more threads will be scaled down.
Job stats:
job       count    min threads    max threads
------  -------  -------------  -------------
all           1              1              1
merger        1              1              1
total         2              1              1

Select jobs to execute...

[Tue Jun 28 19:53:16 2022]
Job 1: Starting with merging CSV files

Touching output file checks/merge.done.
[Tue Jun 28 19:53:21 2022]
Finished job 1.
1 of 2 steps (50%) done
Select jobs to execute...

[Tue Jun 28 19:53:21 2022]
localrule all:
    input: checks/merge.done
    jobid: 0
    resources: tmpdir=/tmp

[Tue Jun 28 19:53:21 2022]
Finished job 0.
2 of 2 steps (100%) done
Complete log: /homes/lrmeulenkamp/thema12/.snakemake/log/2022-06-28T195316.561982.snakemake.log
