Building DAG of jobs...
Using shell: /usr/bin/bash
Provided cores: 12
Rules claiming more threads will be scaled down.
Job stats:
job       count    min threads    max threads
------  -------  -------------  -------------
all           1              1              1
visual        1             12             12
total         2              1             12

Select jobs to execute...

[Tue Jun 14 15:54:22 2022]
Job 1: Started with executing HDBscanner...

[Tue Jun 14 15:54:25 2022]
Error in rule visual:
    jobid: 1
    output: scan.done
    shell:
        Rscript workflow/R/Hdbscan.R data/map1 data/map2 data/map3 data/map4
        (one of the commands exited with non-zero exit code; note that snakemake uses bash strict mode!)

Shutting down, this might take some time.
Exiting because a job execution failed. Look above for error message
Complete log: /homes/lrmeulenkamp/thema12/.snakemake/log/2022-06-14T155422.008939.snakemake.log
