Building DAG of jobs...
Using shell: /usr/bin/bash
Provided cores: 16
Rules claiming more threads will be scaled down.
Job stats:
job       count    min threads    max threads
------  -------  -------------  -------------
all           1              1              1
merger        1              1              1
total         2              1              1

Select jobs to execute...

[Wed Jun 29 12:30:05 2022]
Job 1: Starting with executing HDBscan algorithm 

Touching output file checks/HDBscanner.done.
[Wed Jun 29 12:30:06 2022]
Finished job 1.
1 of 2 steps (50%) done
Select jobs to execute...

[Wed Jun 29 12:30:06 2022]
localrule all:
    input: checks/HDBscanner.done
    jobid: 0
    resources: tmpdir=/tmp

[Wed Jun 29 12:30:06 2022]
Finished job 0.
2 of 2 steps (100%) done
Complete log: /homes/lrmeulenkamp/thema12/.snakemake/log/2022-06-29T123005.903468.snakemake.log
