Building DAG of jobs...
Using shell: /usr/bin/bash
Provided cores: 16
Rules claiming more threads will be scaled down.
Job stats:
job                  count    min threads    max threads
-----------------  -------  -------------  -------------
all                      1              1              1
convert_to_csv           1              1              1
download_packages        1              1              1
total                    3              1              1

Select jobs to execute...

[Tue Jun 28 19:39:13 2022]
Job 1: Starting with downloading packages


[Tue Jun 28 19:39:13 2022]
Job 2: Started with converting FCS file to CSV file

[Tue Jun 28 19:39:14 2022]
Error in rule convert_to_csv:
    jobid: 2
    output: checks/convert.done
    shell:
        Rscript workflow/R/fsc_converter.R data/map1 data/map2 data/map3 data/map4
        (one of the commands exited with non-zero exit code; note that snakemake uses bash strict mode!)

Touching output file checks/download.done.
[Tue Jun 28 19:39:15 2022]
Finished job 1.
1 of 3 steps (33%) done
Shutting down, this might take some time.
Exiting because a job execution failed. Look above for error message
Complete log: /homes/lrmeulenkamp/thema12/.snakemake/log/2022-06-28T193913.550618.snakemake.log
