Building DAG of jobs...
Using shell: /usr/bin/bash
Provided cores: 12
Rules claiming more threads will be scaled down.
Job stats:
job       count    min threads    max threads
------  -------  -------------  -------------
all           1              1              1
visual        1             12             12
total         2              1             12

Select jobs to execute...

[Sun Jun 12 14:43:24 2022]
Job 1: Started with executing HDBscanner...

Waiting at most 5 seconds for missing files.
MissingOutputException in line 11 of /homes/lrmeulenkamp/thema12/workflow/Snakefile:
Job Missing files after 5 seconds:
images/A01_Uncolored_PHBV_Before_freeze_thaw_Dilution10x_Sample01.fcs.csv.png
This might be due to filesystem latency. If that is the case, consider to increase the wait time with --latency-wait.
Job id: 1 completed successfully, but some output files are missing. 1
Shutting down, this might take some time.
Exiting because a job execution failed. Look above for error message
Complete log: /homes/lrmeulenkamp/thema12/.snakemake/log/2022-06-12T144324.393270.snakemake.log
