Building DAG of jobs...
Using shell: /usr/bin/bash
Provided cores: 16
Rules claiming more threads will be scaled down.
Job stats:
job          count    min threads    max threads
---------  -------  -------------  -------------
DBscanner        1              1              1
all              1              1              1
total            2              1              1

Select jobs to execute...

[Thu Jun 30 17:53:19 2022]
Job 1: Starting with executing HDBscan algorithm 

Touching output file checks/HDBscanner.done.
[Thu Jun 30 17:55:06 2022]
Finished job 1.
1 of 2 steps (50%) done
Select jobs to execute...

[Thu Jun 30 17:55:06 2022]
localrule all:
    input: checks/HDBscanner.done
    jobid: 0
    resources: tmpdir=/tmp

[Thu Jun 30 17:55:06 2022]
Finished job 0.
2 of 2 steps (100%) done
Complete log: /homes/lrmeulenkamp/thema12/.snakemake/log/2022-06-30T175319.021706.snakemake.log
