Building DAG of jobs...
Using shell: /usr/bin/bash
Provided cores: 16
Rules claiming more threads will be scaled down.
Job stats:
job               count    min threads    max threads
--------------  -------  -------------  -------------
all                   1              1              1
convert_to_csv        1              1              1
total                 2              1              1

Select jobs to execute...

[Tue Jun 28 19:20:19 2022]
Job 2: Started with converting FCS file to CSV file

Touching output file checks/convert.done.
[Tue Jun 28 19:20:20 2022]
Finished job 2.
1 of 2 steps (50%) done
Select jobs to execute...

[Tue Jun 28 19:20:20 2022]
localrule all:
    input: checks/download.done, checks/convert.done
    jobid: 0
    resources: tmpdir=/tmp

[Tue Jun 28 19:20:20 2022]
Finished job 0.
2 of 2 steps (100%) done
Complete log: /homes/lrmeulenkamp/thema12/.snakemake/log/2022-06-28T192018.902418.snakemake.log
