Building DAG of jobs...
Using shell: /usr/bin/bash
Provided cores: 16
Rules claiming more threads will be scaled down.
Job stats:
job               count    min threads    max threads
--------------  -------  -------------  -------------
all                   1              1              1
convert_to_csv        1              1              1
total                 2              1              1

Select jobs to execute...

[Thu Jun 30 17:51:04 2022]
Job 2: Started with converting FCS file to CSV file

[Thu Jun 30 17:51:05 2022]
Error in rule convert_to_csv:
    jobid: 2
    output: checks/convert.done
    shell:
        Rscript workflow/R/fsc_converter.R data/map1 data/map2 data/map3 data/map4
        (one of the commands exited with non-zero exit code; note that snakemake uses bash strict mode!)

Shutting down, this might take some time.
Exiting because a job execution failed. Look above for error message
Complete log: /homes/lrmeulenkamp/thema12/.snakemake/log/2022-06-30T175104.282869.snakemake.log
